<?xml version="1.0" encoding="UTF-8"?>
<testsuite name="docs.Junit5Annotations" tests="1" skipped="0" failures="0" errors="0" timestamp="2023-02-11T12:53:01" hostname="PEW" time="0.009">
  <properties/>
  <testcase name="someTest()" classname="docs.Junit5Annotations" time="0.009"/>
  <system-out><![CDATA[SomeTest
]]></system-out>
  <system-err><![CDATA[]]></system-err>
</testsuite>
